GROUP,PACKAGE,CLASS,INSTRUCTION_MISSED,INSTRUCTION_COVERED,BRANCH_MISSED,BRANCH_COVERED,LINE_MISSED,LINE_COVERED,COMPLEXITY_MISSED,COMPLEXITY_COVERED,METHOD_MISSED,METHOD_COVERED
VadereUtils,org.vadere.util.io.filewatcher,LockFileHandler.LockInfo,27,0,0,0,2,0,1,0,1,0
VadereUtils,org.vadere.util.io.filewatcher,TimeStepFileHandler,117,0,8,0,31,0,9,0,5,0
VadereUtils,org.vadere.util.io.filewatcher,WatchDir,287,0,48,0,81,0,31,0,7,0
VadereUtils,org.vadere.util.io.filewatcher,TransitumPedestrianState,35,0,0,0,11,0,5,0,5,0
VadereUtils,org.vadere.util.io.filewatcher,LockFileHandler,99,0,10,0,30,0,11,0,6,0
VadereUtils,org.vadere.util.io.filewatcher,WatchDir.new SimpleFileVisitor() {...},12,0,0,0,3,0,2,0,2,0
VadereUtils,org.vadere.util.factory.outputfiles,OutputFileBaseFactory,36,0,0,0,6,0,4,0,4,0
VadereUtils,org.vadere.util.factory.outputfiles,OutputFileFactoryObject,23,0,0,0,8,0,4,0,4,0
VadereUtils,org.vadere.util.opencl.examples,CLVectorSum,484,0,8,0,100,0,18,0,14,0
VadereUtils,org.vadere.util.opencl.examples,InfoUtils,248,44,2,2,49,11,12,4,10,4
VadereUtils,org.vadere.util.opencl.examples,CLDemo,648,0,33,0,161,0,31,0,13,0
VadereUtils,org.vadere.util.logging,StdOutErrLog.new PrintStream() {...},15,0,0,0,4,0,2,0,2,0
VadereUtils,org.vadere.util.logging,StdOutErrLog.new PrintStream() {...},15,0,0,0,4,0,2,0,2,0
VadereUtils,org.vadere.util.logging,StdOutErrLog,29,0,0,0,8,0,5,0,5,0
VadereUtils,org.vadere.util.logging,LogLevel,77,0,8,0,27,0,11,0,4,0
VadereUtils,org.vadere.util.logging,Timer,48,0,0,0,13,0,6,0,6,0
VadereUtils,org.vadere.util.logging,Logger,1216,62,2,0,224,14,111,6,110,6
VadereUtils,org.vadere.util.factory.processors,Flag,70,0,8,0,13,0,9,0,5,0
VadereUtils,org.vadere.util.factory.processors,ProcessorFactoryObject,24,0,0,0,8,0,4,0,4,0
VadereUtils,org.vadere.util.factory.processors,ProcessorBaseFactory,80,0,2,0,14,0,9,0,8,0
VadereUtils,org.vadere.util.test,FractionProbabilityNormalization,96,0,8,0,17,0,7,0,3,0
VadereUtils,org.vadere.util.test,TestResourceHandler,81,0,6,0,25,0,10,0,7,0
VadereUtils,org.vadere.util.test,TestUtils,40,0,2,0,13,0,4,0,3,0
VadereUtils,org.vadere.util.config,VadereConfig,531,0,14,0,109,0,15,0,8,0
VadereUtils,org.vadere.util.math,MathUtil,971,195,51,7,122,28,52,6,26,3
VadereUtils,org.vadere.util.math,DistanceFunction,83,0,4,0,22,0,7,0,5,0
VadereUtils,org.vadere.util.math,IDistanceFunction,298,0,22,0,47,0,34,0,23,0
VadereUtils,org.vadere.util.math,DistanceFunctionTarget,33,0,2,0,9,0,3,0,2,0
VadereUtils,org.vadere.util.math,TruncatedNormalDistribution,7,45,3,5,2,10,3,3,0,2
VadereUtils,org.vadere.util.math,GoldenSectionSearch,113,0,8,0,15,0,8,0,4,0
VadereUtils,org.vadere.util.math,Convolution,99,894,18,76,19,132,18,50,4,17
VadereUtils,org.vadere.util.math,InterpolationUtil,1424,0,53,0,140,0,43,0,15,0
VadereUtils,org.vadere.util.math,FourierTransformation,27,0,0,0,7,0,3,0,3,0
VadereUtils,org.vadere.util.data.aabb,AABBTree,265,0,22,0,55,0,17,0,6,0
VadereUtils,org.vadere.util.data.aabb,AABBNode,55,0,4,0,21,0,16,0,14,0
VadereUtils,org.vadere.util.parallel,AParallelWorker,6,0,0,0,3,0,1,0,1,0
VadereUtils,org.vadere.util.parallel,ParallelWorkerUtil,29,0,6,0,12,0,8,0,5,0
VadereUtils,org.vadere.util.parallel,CountableParallelWorker,19,0,0,0,6,0,3,0,3,0
VadereUtils,org.vadere.util.geometry.shapes,IPoint,65,52,15,1,14,6,12,6,4,6
VadereUtils,org.vadere.util.geometry.shapes,VDisc,19,0,0,0,5,0,3,0,3,0
VadereUtils,org.vadere.util.geometry.shapes,VTriangle,160,552,24,26,19,70,28,19,9,13
VadereUtils,org.vadere.util.geometry.shapes,VPoint,285,260,53,17,49,41,47,23,15,20
VadereUtils,org.vadere.util.geometry.shapes,VRectangle,456,253,41,17,52,34,38,14,14,9
VadereUtils,org.vadere.util.geometry.shapes,VCircleSector,291,0,40,0,34,0,35,0,15,0
VadereUtils,org.vadere.util.geometry.shapes,VShape,298,96,8,2,41,18,14,6,9,6
VadereUtils,org.vadere.util.geometry.shapes,ICircleSector,76,0,0,0,7,0,6,0,6,0
VadereUtils,org.vadere.util.geometry.shapes,VCone,187,68,25,5,15,12,18,4,4,3
VadereUtils,org.vadere.util.geometry.shapes,VRing,238,121,21,19,43,28,36,14,23,7
VadereUtils,org.vadere.util.geometry.shapes,Vector2D,110,61,2,4,13,13,10,6,9,4
VadereUtils,org.vadere.util.geometry.shapes,VPolygon,1371,329,103,25,221,70,79,22,23,14
VadereUtils,org.vadere.util.geometry.shapes,VLine,305,119,23,1,42,15,25,9,13,9
VadereUtils,org.vadere.util.geometry.shapes,MPoint,251,0,12,0,65,0,31,0,25,0
VadereUtils,org.vadere.util.geometry.shapes,VCircle,674,215,72,14,76,36,66,16,24,15
VadereUtils,org.vadere.util.geometry.shapes,ShapeType,27,0,0,0,2,0,1,0,1,0
VadereUtils,org.vadere.util.geometry.shapes,MLine,160,0,14,0,25,0,22,0,15,0
VadereUtils,org.vadere.util.factory,BaseFactory,45,0,4,0,9,0,5,0,3,0
VadereUtils,org.vadere.util.factory,FactoryObject,19,0,0,0,7,0,4,0,4,0
VadereUtils,org.vadere.util.math.optimization.neldermead,NelderMead2D,204,0,28,0,35,0,33,0,19,0
VadereUtils,org.vadere.util.math.optimization.neldermead,Simplex1D,569,0,40,0,93,0,40,0,20,0
VadereUtils,org.vadere.util.math.optimization.neldermead,Simplex2D,781,0,56,0,112,0,49,0,21,0
VadereUtils,org.vadere.util.math.optimization.neldermead,NelderMead1D,186,0,26,0,33,0,28,0,15,0
VadereUtils,org.vadere.util.io,CollectionUtils.EquatorWrapper,34,0,2,0,10,0,5,0,4,0
VadereUtils,org.vadere.util.io,CollectionUtils,194,0,10,0,29,0,16,0,11,0
VadereUtils,org.vadere.util.io,TextScenarioPrinter,506,0,36,0,105,0,24,0,6,0
VadereUtils,org.vadere.util.io,RecursiveCopy,51,0,0,0,12,0,6,0,6,0
VadereUtils,org.vadere.util.io,GeometryPrinter,266,58,34,8,42,10,20,5,3,1
VadereUtils,org.vadere.util.io,IOUtils,369,54,17,1,83,12,37,3,28,3
VadereUtils,org.vadere.util.io,VadereArgumentParser,184,0,8,0,43,0,9,0,5,0
VadereUtils,org.vadere.util.io,TableReader,53,345,9,17,9,63,12,28,3,23
VadereUtils,org.vadere.util.io,FileLastModifiedComparator,21,0,4,0,6,0,4,0,2,0
VadereUtils,org.vadere.util.io.parser,LogicalParser,56,288,7,35,8,63,7,25,1,10
VadereUtils,org.vadere.util.io.parser,JsonLogicParser,106,503,29,67,18,88,24,48,1,23
VadereUtils,org.vadere.util.opencl,CLOperation,102,182,5,9,22,48,6,11,1,9
VadereUtils,org.vadere.util.opencl,CLConvolution.KernelType,0,27,0,0,0,5,0,1,0,1
VadereUtils,org.vadere.util.opencl,CLConvolution,48,592,4,12,12,115,5,18,1,11
VadereUtils,org.vadere.util.opencl,CLInfo,219,64,1,1,42,15,9,4,8,4
VadereUtils,org.vadere.util.opencl,CLLinkedCell,136,1649,21,25,23,278,21,26,5,19
VadereUtils,org.vadere.util.opencl,CLUtils,120,359,23,33,23,79,22,24,3,15
VadereUtils,org.vadere.util.opencl,OpenCLException,4,0,0,0,2,0,1,0,1,0
VadereUtils,org.vadere.util.opencl,CLBitonicSort,47,960,11,19,13,181,12,17,1,13
VadereUtils,org.vadere.util.opencl,UnsupportedOpenCLException,4,0,0,0,2,0,1,0,1,0
VadereUtils,org.vadere.util.opencl,CLFFT,3,0,0,0,1,0,1,0,1,0
VadereUtils,org.vadere.util.opencl,CLLinkedCell.LinkedCell,0,6,0,0,0,1,0,1,0,1
VadereUtils,org.vadere.util.opencl,CLDemo,652,0,33,0,167,0,32,0,14,0
VadereUtils,org.vadere.util.factory.attributes,AttributeBaseFactory,21,0,0,0,4,0,3,0,3,0
VadereUtils,org.vadere.util.math.optimization,PatternSearch,434,0,32,0,68,0,32,0,16,0
VadereUtils,org.vadere.util.math.optimization,PatternSearch.LocalOptimizer,286,0,22,0,52,0,19,0,8,0
VadereUtils,org.vadere.util.random,SimpleReachablePointProvider,116,0,6,0,21,0,15,0,12,0
VadereUtils,org.vadere.util.random,ConstantIntegerPointProvider,34,0,0,0,10,0,6,0,6,0
VadereUtils,org.vadere.util.random,SimpleUniformIntegerPointProvider,59,0,0,0,9,0,6,0,6,0
VadereUtils,org.vadere.util.random,IReachablePointProvider,6,0,0,0,1,0,2,0,2,0
VadereUtils,org.vadere.util.random,ConstantIntegerPointProvider.new Supplier() {...},53,0,4,0,6,0,4,0,2,0
VadereUtils,org.vadere.util.random,SimpleUniformRealPointProvider,80,0,0,0,13,0,7,0,7,0
VadereUtils,org.vadere.util.lang,ModuleResourceBundle,63,0,10,0,15,0,10,0,5,0
VadereUtils,org.vadere.util.lang,BundleManager,159,0,14,0,39,0,17,0,10,0
VadereUtils,org.vadere.util.lang,ModuleResourceBundle.MultiResourceBundleControl,98,0,10,0,18,0,10,0,5,0
VadereUtils,org.vadere.util.data,TallySheet,53,0,4,0,11,0,6,0,4,0
VadereUtils,org.vadere.util.data,NodeLinkedList.ElementIterator,20,0,0,0,5,0,3,0,3,0
VadereUtils,org.vadere.util.data,SortedList,72,0,6,0,18,0,11,0,8,0
VadereUtils,org.vadere.util.data,Row,25,62,3,3,4,16,3,7,1,6
VadereUtils,org.vadere.util.data,FloorFieldGridRow,47,0,0,0,7,0,7,0,7,0
VadereUtils,org.vadere.util.data,Table.RowArrayIterator.new ListIterator() {...},74,0,8,0,17,0,14,0,10,0
VadereUtils,org.vadere.util.data,Table.RowArrayIterator,248,0,24,0,56,0,22,0,10,0
VadereUtils,org.vadere.util.data,Table.RowIterator,269,0,24,0,41,0,22,0,10,0
VadereUtils,org.vadere.util.data,FindByClass,61,0,10,0,13,0,10,0,5,0
VadereUtils,org.vadere.util.data,NodeLinkedList.NodeIterator,83,0,14,0,20,0,11,0,4,0
VadereUtils,org.vadere.util.data,NodeLinkedList,779,0,100,0,193,0,102,0,52,0
VadereUtils,org.vadere.util.data,NodeLinkedList.NodeDescendingIterator,83,0,14,0,20,0,11,0,4,0
VadereUtils,org.vadere.util.data,Table,338,134,38,8,55,30,34,11,13,9
VadereUtils,org.vadere.util.data,Node,200,0,34,0,52,0,35,0,18,0
VadereUtils,org.vadere.util.data.cellgrid,FloorDiscretizer,235,0,24,0,39,0,17,0,5,0
VadereUtils,org.vadere.util.data.cellgrid,CellState,68,56,14,5,17,13,14,4,2,4
VadereUtils,org.vadere.util.data.cellgrid,CellStateFD,70,0,5,0,14,0,8,0,4,0
VadereUtils,org.vadere.util.data.cellgrid,PathFindingTag,13,80,2,2,3,9,3,3,1,3
VadereUtils,org.vadere.util.data.cellgrid,CellGrid.new Iterable() {...},11,0,0,0,2,0,2,0,2,0
VadereUtils,org.vadere.util.data.cellgrid,CellGridReadWriter,60,353,9,21,8,71,11,16,2,10
VadereUtils,org.vadere.util.data.cellgrid,CellGridConverter,135,0,12,0,34,0,10,0,4,0
VadereUtils,org.vadere.util.data.cellgrid,CellGrid,587,223,32,10,94,37,51,11,35,6
VadereUtils,org.vadere.util.data.cellgrid,CellGrid.1.new Iterator() {...},69,0,6,0,11,0,7,0,4,0
VadereUtils,org.vadere.util.geometry,PlanarGraphGenerator,887,0,102,0,146,0,71,0,20,0
VadereUtils,org.vadere.util.geometry,LinkedCellsGrid.ContainerisedElement,28,0,0,0,9,0,4,0,4,0
VadereUtils,org.vadere.util.geometry,LinkedCellsGrid.GridCell,65,11,14,0,20,2,10,1,3,1
VadereUtils,org.vadere.util.geometry,CCWComparator,156,0,26,0,17,0,15,0,2,0
VadereUtils,org.vadere.util.geometry,GrahamScan.VPointCoordinateComparator,2,35,1,7,1,9,1,5,0,2
VadereUtils,org.vadere.util.geometry,LinkedCellsGrid,348,459,33,21,64,62,27,22,10,12
VadereUtils,org.vadere.util.geometry,DataTriangle,328,0,12,0,53,0,18,0,12,0
VadereUtils,org.vadere.util.geometry,Geometry,182,79,26,6,34,17,19,6,5,4
VadereUtils,org.vadere.util.geometry,Vector3D,353,0,26,0,46,0,28,0,15,0
VadereUtils,org.vadere.util.geometry,PointComparator,37,0,8,0,10,0,6,0,2,0
VadereUtils,org.vadere.util.geometry,GrahamScan.VPointPolarComparator,8,83,9,11,4,14,9,3,0,2
VadereUtils,org.vadere.util.geometry,DataPoint,96,34,13,3,24,10,15,5,8,4
VadereUtils,org.vadere.util.geometry,GeometryUtils,2765,2510,263,115,292,243,228,90,76,53
VadereUtils,org.vadere.util.geometry,GrahamScan,27,281,11,21,6,53,10,13,1,6
VadereUtils,org.vadere.util.random.offset,UniformRadialPointOffset,57,0,0,0,9,0,2,0,2,0
VadereUtils,org.vadere.util.random.offset,UniformGridPointOffset,39,0,0,0,5,0,2,0,2,0
VadereUtils,org.vadere.util.random.offset,IPointOffsetProvider,2,0,0,0,1,0,1,0,1,0
VadereUtils,org.vadere.util.version,Version,613,0,36,0,103,0,46,0,28,0
VadereUtils,org.vadere.util.reflection,CouldNotInstantiateException,3,4,0,0,1,2,1,1,1,1
VadereUtils,org.vadere.util.reflection,DynamicClassInstantiator,0,32,0,0,0,8,0,4,0,4
VadereUtils,org.vadere.util.reflection,VadereNoOutputfileForDataKeyException,11,0,0,0,6,0,3,0,3,0
VadereUtils,org.vadere.util.reflection,VadereClassNotFoundException,3,4,0,0,2,2,1,1,1,1
VadereUtils,org.vadere.util.visualization,ColorHelper,235,0,32,0,63,0,27,0,11,0
VadereUtils,org.vadere.util.visualization,GrayColorHelper,142,0,16,0,40,0,16,0,8,0
VadereUtils,org.vadere.util.math.optimization.pso,PSO,619,0,56,0,114,0,51,0,23,0
VadereUtils,org.vadere.util.math.optimization.pso,Particle,219,0,18,0,53,0,26,0,17,0
VadereUtils,org.vadere.util.math.optimization.pso,AttributesPSO,33,0,0,0,11,0,1,0,1,0
VadereUtils,org.vadere.util.voronoi,BeachLine,476,0,50,0,137,0,36,0,11,0
VadereUtils,org.vadere.util.voronoi,Face,1158,0,136,0,245,0,94,0,26,0
VadereUtils,org.vadere.util.voronoi,RectangleLimits,89,0,8,0,16,0,6,0,2,0
VadereUtils,org.vadere.util.voronoi,Event,68,0,8,0,21,0,10,0,6,0
VadereUtils,org.vadere.util.voronoi,HalfEdge,172,0,10,0,61,0,20,0,15,0
VadereUtils,org.vadere.util.voronoi,BeachLineInternal,259,0,16,0,57,0,23,0,15,0
VadereUtils,org.vadere.util.voronoi,BeachLineLeaf,294,0,10,0,52,0,20,0,15,0
VadereUtils,org.vadere.util.voronoi,EventSite,30,0,0,0,8,0,4,0,4,0
VadereUtils,org.vadere.util.voronoi,VoronoiDiagram,312,0,28,0,72,0,24,0,10,0
VadereUtils,org.vadere.util.voronoi,EventCircle,13,0,0,0,4,0,2,0,2,0
VadereUtils,org.vadere.util.factory.model,BaseModelHelper,48,0,0,0,9,0,5,0,5,0
