<?xml version="1.0" encoding="UTF-8"?>
<testsuite xmlns:xsi="http://www.w3.org/2001/XMLSchema-instance" xsi:noNamespaceSchemaLocation="https://maven.apache.org/surefire/maven-surefire-plugin/xsd/surefire-test-report.xsd" name="org.vadere.simulator.projects.migration.jsontranformation.json.TargetVersionV1_2Test" time="0.007" tests="2" errors="0" skipped="0" failures="0">
  <properties>
[...]
</properties>
  <testcase name="csvToTxt" classname="org.vadere.simulator.projects.migration.jsontranformation.json.TargetVersionV1_2Test" time="0.002"/>
  <testcase name="binToBin" classname="org.vadere.simulator.projects.migration.jsontranformation.json.TargetVersionV1_2Test" time="0.004"/>
</testsuite>